2025-07-29 04:18:02,473 - INFO - Created baseline CTM model
2025-07-29 04:18:02,711 - INFO - Created normalized CTM model
2025-07-29 04:18:02,714 - INFO - Starting training comparison...
2025-07-29 04:18:02,714 - INFO - Training baseline model...
2025-07-29 04:18:02,714 - INFO - Baseline Epoch 1/20
2025-07-29 04:18:03,188 - INFO - Baseline - Batch 0/563, Loss: 1.3807, Accuracy: 37.50%
2025-07-29 04:18:08,572 - INFO - Baseline - Batch 100/563, Loss: 1.3963, Accuracy: 21.91%
2025-07-29 04:18:13,955 - INFO - Baseline - Batch 200/563, Loss: 1.3578, Accuracy: 24.10%
2025-07-29 04:18:19,343 - INFO - Baseline - Batch 300/563, Loss: 1.3635, Accuracy: 24.52%
2025-07-29 04:18:24,729 - INFO - Baseline - Batch 400/563, Loss: 1.3820, Accuracy: 24.38%
2025-07-29 04:18:30,119 - INFO - Baseline - Batch 500/563, Loss: 1.3914, Accuracy: 24.79%
2025-07-29 04:18:34,456 - INFO - Baseline Epoch 1 - Loss=1.3857, Acc=25.33%, Val Loss=1.4438, Val Acc=22.90%
2025-07-29 04:18:34,456 - INFO - Baseline Epoch 2/20
2025-07-29 04:18:34,509 - INFO - Baseline - Batch 0/563, Loss: 1.3622, Accuracy: 25.00%
2025-07-29 04:18:39,897 - INFO - Baseline - Batch 100/563, Loss: 1.4097, Accuracy: 27.10%
2025-07-29 04:18:45,283 - INFO - Baseline - Batch 200/563, Loss: 1.3961, Accuracy: 27.08%
2025-07-29 04:18:50,678 - INFO - Baseline - Batch 300/563, Loss: 1.4118, Accuracy: 27.43%
2025-07-29 04:18:56,077 - INFO - Baseline - Batch 400/563, Loss: 1.3579, Accuracy: 27.95%
2025-07-29 04:19:01,474 - INFO - Baseline - Batch 500/563, Loss: 1.3775, Accuracy: 28.32%
2025-07-29 04:19:05,779 - INFO - Baseline Epoch 2 - Loss=1.3807, Acc=28.69%, Val Loss=1.3673, Val Acc=30.90%
2025-07-29 04:19:05,779 - INFO - Baseline Epoch 3/20
2025-07-29 04:19:05,832 - INFO - Baseline - Batch 0/563, Loss: 1.4274, Accuracy: 25.00%
2025-07-29 04:19:11,211 - INFO - Baseline - Batch 100/563, Loss: 1.4288, Accuracy: 27.91%
2025-07-29 04:19:16,593 - INFO - Baseline - Batch 200/563, Loss: 1.3696, Accuracy: 28.33%
2025-07-29 04:19:21,974 - INFO - Baseline - Batch 300/563, Loss: 1.3827, Accuracy: 29.88%
2025-07-29 04:19:27,373 - INFO - Baseline - Batch 400/563, Loss: 1.4961, Accuracy: 31.97%
2025-07-29 04:19:32,769 - INFO - Baseline - Batch 500/563, Loss: 1.2419, Accuracy: 33.55%
2025-07-29 04:19:37,080 - INFO - Baseline Epoch 3 - Loss=1.3147, Acc=34.57%, Val Loss=1.1828, Val Acc=42.80%
2025-07-29 04:19:37,081 - INFO - Baseline Epoch 4/20
2025-07-29 04:19:37,134 - INFO - Baseline - Batch 0/563, Loss: 0.9434, Accuracy: 68.75%
2025-07-29 04:19:42,529 - INFO - Baseline - Batch 100/563, Loss: 1.3980, Accuracy: 40.97%
2025-07-29 04:19:47,663 - INFO - Baseline - Batch 200/563, Loss: 1.2506, Accuracy: 41.85%
2025-07-29 04:19:52,791 - INFO - Baseline - Batch 300/563, Loss: 1.1512, Accuracy: 41.32%
2025-07-29 04:19:57,919 - INFO - Baseline - Batch 400/563, Loss: 1.2416, Accuracy: 41.77%
2025-07-29 04:20:03,046 - INFO - Baseline - Batch 500/563, Loss: 1.1274, Accuracy: 41.64%
2025-07-29 04:20:07,189 - INFO - Baseline Epoch 4 - Loss=1.1805, Acc=41.71%, Val Loss=1.1796, Val Acc=43.80%
2025-07-29 04:20:07,189 - INFO - Baseline Epoch 5/20
2025-07-29 04:20:07,241 - INFO - Baseline - Batch 0/563, Loss: 1.1794, Accuracy: 43.75%
2025-07-29 04:20:12,362 - INFO - Baseline - Batch 100/563, Loss: 1.2318, Accuracy: 42.26%
2025-07-29 04:20:17,491 - INFO - Baseline - Batch 200/563, Loss: 0.9994, Accuracy: 42.63%
2025-07-29 04:20:22,615 - INFO - Baseline - Batch 300/563, Loss: 1.2821, Accuracy: 42.59%
2025-07-29 04:20:27,739 - INFO - Baseline - Batch 400/563, Loss: 1.0950, Accuracy: 42.49%
2025-07-29 04:20:32,865 - INFO - Baseline - Batch 500/563, Loss: 1.0260, Accuracy: 42.48%
2025-07-29 04:20:37,007 - INFO - Baseline Epoch 5 - Loss=1.1346, Acc=42.48%, Val Loss=1.5232, Val Acc=42.20%
2025-07-29 04:20:37,007 - INFO - Baseline Epoch 6/20
2025-07-29 04:20:37,059 - INFO - Baseline - Batch 0/563, Loss: 1.0358, Accuracy: 50.00%
2025-07-29 04:20:42,179 - INFO - Baseline - Batch 100/563, Loss: 1.0471, Accuracy: 41.52%
2025-07-29 04:20:47,308 - INFO - Baseline - Batch 200/563, Loss: 1.1310, Accuracy: 42.57%
2025-07-29 04:20:52,438 - INFO - Baseline - Batch 300/563, Loss: 0.9935, Accuracy: 43.19%
2025-07-29 04:20:57,565 - INFO - Baseline - Batch 400/563, Loss: 0.9461, Accuracy: 43.11%
2025-07-29 04:21:02,691 - INFO - Baseline - Batch 500/563, Loss: 1.0792, Accuracy: 43.75%
2025-07-29 04:21:06,841 - INFO - Baseline Epoch 6 - Loss=1.0734, Acc=43.88%, Val Loss=0.9803, Val Acc=42.60%
2025-07-29 04:21:06,841 - INFO - Baseline Epoch 7/20
2025-07-29 04:21:06,893 - INFO - Baseline - Batch 0/563, Loss: 1.2010, Accuracy: 50.00%
2025-07-29 04:21:12,011 - INFO - Baseline - Batch 100/563, Loss: 1.1051, Accuracy: 47.46%
2025-07-29 04:21:17,137 - INFO - Baseline - Batch 200/563, Loss: 1.2220, Accuracy: 46.98%
2025-07-29 04:21:22,263 - INFO - Baseline - Batch 300/563, Loss: 0.9760, Accuracy: 47.45%
2025-07-29 04:21:27,394 - INFO - Baseline - Batch 400/563, Loss: 0.9166, Accuracy: 47.97%
2025-07-29 04:21:32,522 - INFO - Baseline - Batch 500/563, Loss: 0.8158, Accuracy: 48.07%
2025-07-29 04:21:36,671 - INFO - Baseline Epoch 7 - Loss=0.9910, Acc=48.12%, Val Loss=0.8745, Val Acc=53.10%
2025-07-29 04:21:36,671 - INFO - Baseline Epoch 8/20
2025-07-29 04:21:36,722 - INFO - Baseline - Batch 0/563, Loss: 0.8358, Accuracy: 81.25%
2025-07-29 04:21:41,846 - INFO - Baseline - Batch 100/563, Loss: 0.8629, Accuracy: 50.00%
2025-07-29 04:21:46,974 - INFO - Baseline - Batch 200/563, Loss: 0.9717, Accuracy: 51.18%
2025-07-29 04:21:52,099 - INFO - Baseline - Batch 300/563, Loss: 0.8543, Accuracy: 51.02%
2025-07-29 04:21:57,207 - INFO - Baseline - Batch 400/563, Loss: 0.8218, Accuracy: 51.09%
2025-07-29 04:22:02,306 - INFO - Baseline - Batch 500/563, Loss: 0.6822, Accuracy: 51.25%
2025-07-29 04:22:06,441 - INFO - Baseline Epoch 8 - Loss=0.9362, Acc=51.64%, Val Loss=0.8966, Val Acc=50.90%
2025-07-29 04:22:06,441 - INFO - Baseline Epoch 9/20
2025-07-29 04:22:06,492 - INFO - Baseline - Batch 0/563, Loss: 0.8081, Accuracy: 75.00%
2025-07-29 04:22:11,599 - INFO - Baseline - Batch 100/563, Loss: 0.8595, Accuracy: 50.43%
2025-07-29 04:22:16,704 - INFO - Baseline - Batch 200/563, Loss: 0.6735, Accuracy: 50.68%
2025-07-29 04:22:21,810 - INFO - Baseline - Batch 300/563, Loss: 0.7930, Accuracy: 51.20%
2025-07-29 04:22:26,916 - INFO - Baseline - Batch 400/563, Loss: 0.8415, Accuracy: 51.40%
2025-07-29 04:22:32,025 - INFO - Baseline - Batch 500/563, Loss: 0.8635, Accuracy: 51.41%
2025-07-29 04:22:36,152 - INFO - Baseline Epoch 9 - Loss=0.8981, Acc=51.67%, Val Loss=0.8219, Val Acc=55.60%
2025-07-29 04:22:36,153 - INFO - Baseline Epoch 10/20
2025-07-29 04:22:36,204 - INFO - Baseline - Batch 0/563, Loss: 0.8039, Accuracy: 56.25%
2025-07-29 04:22:41,316 - INFO - Baseline - Batch 100/563, Loss: 0.7991, Accuracy: 53.96%
2025-07-29 04:22:46,674 - INFO - Baseline - Batch 200/563, Loss: 0.9710, Accuracy: 53.23%
2025-07-29 04:22:52,033 - INFO - Baseline - Batch 300/563, Loss: 0.8558, Accuracy: 53.51%
2025-07-29 04:22:57,394 - INFO - Baseline - Batch 400/563, Loss: 1.0433, Accuracy: 53.71%
2025-07-29 04:23:02,757 - INFO - Baseline - Batch 500/563, Loss: 0.8183, Accuracy: 53.77%
2025-07-29 04:23:07,049 - INFO - Baseline Epoch 10 - Loss=0.8475, Acc=53.67%, Val Loss=0.7436, Val Acc=53.90%
2025-07-29 04:23:07,049 - INFO - Baseline Epoch 11/20
2025-07-29 04:23:07,103 - INFO - Baseline - Batch 0/563, Loss: 0.5911, Accuracy: 68.75%
2025-07-29 04:23:12,468 - INFO - Baseline - Batch 100/563, Loss: 0.8233, Accuracy: 55.38%
2025-07-29 04:23:17,828 - INFO - Baseline - Batch 200/563, Loss: 0.7762, Accuracy: 55.81%
2025-07-29 04:23:23,195 - INFO - Baseline - Batch 300/563, Loss: 0.5975, Accuracy: 56.69%
2025-07-29 04:23:28,557 - INFO - Baseline - Batch 400/563, Loss: 0.6953, Accuracy: 56.45%
2025-07-29 04:23:33,917 - INFO - Baseline - Batch 500/563, Loss: 0.7072, Accuracy: 56.77%
2025-07-29 04:23:38,209 - INFO - Baseline Epoch 11 - Loss=0.7385, Acc=56.74%, Val Loss=1.0650, Val Acc=54.10%
2025-07-29 04:23:38,209 - INFO - Baseline Epoch 12/20
2025-07-29 04:23:38,262 - INFO - Baseline - Batch 0/563, Loss: 0.8299, Accuracy: 43.75%
2025-07-29 04:23:43,626 - INFO - Baseline - Batch 100/563, Loss: 0.6956, Accuracy: 54.52%
2025-07-29 04:23:48,988 - INFO - Baseline - Batch 200/563, Loss: 0.7323, Accuracy: 55.91%
2025-07-29 04:23:54,353 - INFO - Baseline - Batch 300/563, Loss: 0.5205, Accuracy: 56.23%
2025-07-29 04:23:59,723 - INFO - Baseline - Batch 400/563, Loss: 0.6722, Accuracy: 56.44%
2025-07-29 04:24:05,094 - INFO - Baseline - Batch 500/563, Loss: 0.7689, Accuracy: 57.01%
2025-07-29 04:24:09,391 - INFO - Baseline Epoch 12 - Loss=0.6888, Acc=57.12%, Val Loss=0.7584, Val Acc=57.10%
2025-07-29 04:24:09,392 - INFO - Baseline Epoch 13/20
2025-07-29 04:24:09,445 - INFO - Baseline - Batch 0/563, Loss: 0.6810, Accuracy: 56.25%
2025-07-29 04:24:14,804 - INFO - Baseline - Batch 100/563, Loss: 0.5430, Accuracy: 59.10%
2025-07-29 04:24:20,171 - INFO - Baseline - Batch 200/563, Loss: 0.6534, Accuracy: 58.61%
2025-07-29 04:24:25,534 - INFO - Baseline - Batch 300/563, Loss: 1.0493, Accuracy: 59.01%
2025-07-29 04:24:30,901 - INFO - Baseline - Batch 400/563, Loss: 0.6799, Accuracy: 59.30%
2025-07-29 04:24:36,272 - INFO - Baseline - Batch 500/563, Loss: 0.5384, Accuracy: 59.53%
2025-07-29 04:24:40,568 - INFO - Baseline Epoch 13 - Loss=0.6698, Acc=59.52%, Val Loss=0.6442, Val Acc=61.00%
2025-07-29 04:24:40,568 - INFO - Baseline Epoch 14/20
2025-07-29 04:24:40,621 - INFO - Baseline - Batch 0/563, Loss: 0.9963, Accuracy: 18.75%
2025-07-29 04:24:45,991 - INFO - Baseline - Batch 100/563, Loss: 0.5476, Accuracy: 61.57%
2025-07-29 04:24:51,368 - INFO - Baseline - Batch 200/563, Loss: 0.6661, Accuracy: 60.85%
2025-07-29 04:24:56,733 - INFO - Baseline - Batch 300/563, Loss: 0.6138, Accuracy: 60.34%
2025-07-29 04:25:02,103 - INFO - Baseline - Batch 400/563, Loss: 0.7014, Accuracy: 60.10%
2025-07-29 04:25:07,473 - INFO - Baseline - Batch 500/563, Loss: 0.6823, Accuracy: 59.91%
2025-07-29 04:25:11,772 - INFO - Baseline Epoch 14 - Loss=0.6505, Acc=59.97%, Val Loss=0.6217, Val Acc=61.50%
2025-07-29 04:25:11,772 - INFO - Baseline Epoch 15/20
2025-07-29 04:25:11,825 - INFO - Baseline - Batch 0/563, Loss: 0.5517, Accuracy: 68.75%
2025-07-29 04:25:17,199 - INFO - Baseline - Batch 100/563, Loss: 0.6502, Accuracy: 61.94%
2025-07-29 04:25:22,575 - INFO - Baseline - Batch 200/563, Loss: 0.5413, Accuracy: 61.23%
2025-07-29 04:25:27,946 - INFO - Baseline - Batch 300/563, Loss: 0.6088, Accuracy: 61.32%
2025-07-29 04:25:33,316 - INFO - Baseline - Batch 400/563, Loss: 0.6094, Accuracy: 61.83%
2025-07-29 04:25:38,691 - INFO - Baseline - Batch 500/563, Loss: 0.4904, Accuracy: 62.14%
2025-07-29 04:25:42,990 - INFO - Baseline Epoch 15 - Loss=0.6352, Acc=62.04%, Val Loss=0.6318, Val Acc=60.40%
2025-07-29 04:25:42,990 - INFO - Baseline Epoch 16/20
2025-07-29 04:25:43,043 - INFO - Baseline - Batch 0/563, Loss: 0.5526, Accuracy: 56.25%
2025-07-29 04:25:48,417 - INFO - Baseline - Batch 100/563, Loss: 0.4668, Accuracy: 59.84%
2025-07-29 04:25:53,787 - INFO - Baseline - Batch 200/563, Loss: 0.6313, Accuracy: 61.23%
2025-07-29 04:25:59,144 - INFO - Baseline - Batch 300/563, Loss: 0.6634, Accuracy: 60.80%
2025-07-29 04:26:04,506 - INFO - Baseline - Batch 400/563, Loss: 0.5573, Accuracy: 61.36%
2025-07-29 04:26:09,866 - INFO - Baseline - Batch 500/563, Loss: 0.7135, Accuracy: 61.64%
2025-07-29 04:26:14,154 - INFO - Baseline Epoch 16 - Loss=0.6284, Acc=61.93%, Val Loss=0.6213, Val Acc=59.90%
2025-07-29 04:26:14,155 - INFO - Baseline Epoch 17/20
2025-07-29 04:26:14,208 - INFO - Baseline - Batch 0/563, Loss: 0.5910, Accuracy: 81.25%
2025-07-29 04:26:19,570 - INFO - Baseline - Batch 100/563, Loss: 0.5059, Accuracy: 64.60%
2025-07-29 04:26:24,930 - INFO - Baseline - Batch 200/563, Loss: 0.6095, Accuracy: 63.90%
2025-07-29 04:26:30,295 - INFO - Baseline - Batch 300/563, Loss: 0.5232, Accuracy: 63.50%
2025-07-29 04:26:35,665 - INFO - Baseline - Batch 400/563, Loss: 0.4011, Accuracy: 63.65%
2025-07-29 04:26:41,033 - INFO - Baseline - Batch 500/563, Loss: 0.5871, Accuracy: 63.91%
2025-07-29 04:26:45,320 - INFO - Baseline Epoch 17 - Loss=0.6213, Acc=63.69%, Val Loss=0.6568, Val Acc=60.30%
2025-07-29 04:26:45,320 - INFO - Baseline Epoch 18/20
2025-07-29 04:26:45,373 - INFO - Baseline - Batch 0/563, Loss: 0.5965, Accuracy: 62.50%
2025-07-29 04:26:50,727 - INFO - Baseline - Batch 100/563, Loss: 0.5826, Accuracy: 63.99%
2025-07-29 04:26:56,086 - INFO - Baseline - Batch 200/563, Loss: 0.7101, Accuracy: 63.87%
2025-07-29 04:27:01,437 - INFO - Baseline - Batch 300/563, Loss: 0.6637, Accuracy: 64.16%
2025-07-29 04:27:06,789 - INFO - Baseline - Batch 400/563, Loss: 0.6236, Accuracy: 64.88%
2025-07-29 04:27:12,140 - INFO - Baseline - Batch 500/563, Loss: 0.5413, Accuracy: 65.12%
2025-07-29 04:27:16,419 - INFO - Baseline Epoch 18 - Loss=0.5982, Acc=65.24%, Val Loss=0.6063, Val Acc=61.00%
2025-07-29 04:27:16,419 - INFO - Baseline Epoch 19/20
2025-07-29 04:27:16,472 - INFO - Baseline - Batch 0/563, Loss: 0.4816, Accuracy: 87.50%
2025-07-29 04:27:21,828 - INFO - Baseline - Batch 100/563, Loss: 0.5926, Accuracy: 67.57%
2025-07-29 04:27:27,182 - INFO - Baseline - Batch 200/563, Loss: 0.4792, Accuracy: 66.57%
2025-07-29 04:27:32,543 - INFO - Baseline - Batch 300/563, Loss: 0.7120, Accuracy: 66.36%
2025-07-29 04:27:37,907 - INFO - Baseline - Batch 400/563, Loss: 0.5637, Accuracy: 66.88%
2025-07-29 04:27:43,272 - INFO - Baseline - Batch 500/563, Loss: 0.5091, Accuracy: 66.85%
2025-07-29 04:27:47,565 - INFO - Baseline Epoch 19 - Loss=0.5931, Acc=66.73%, Val Loss=0.5789, Val Acc=66.80%
2025-07-29 04:27:47,566 - INFO - Baseline Epoch 20/20
2025-07-29 04:27:47,618 - INFO - Baseline - Batch 0/563, Loss: 0.6356, Accuracy: 62.50%
2025-07-29 04:27:52,728 - INFO - Baseline - Batch 100/563, Loss: 0.4872, Accuracy: 68.94%
2025-07-29 04:27:57,821 - INFO - Baseline - Batch 200/563, Loss: 0.4497, Accuracy: 68.38%
2025-07-29 04:28:02,918 - INFO - Baseline - Batch 300/563, Loss: 0.5093, Accuracy: 67.94%
2025-07-29 04:28:08,019 - INFO - Baseline - Batch 400/563, Loss: 0.5723, Accuracy: 67.77%
2025-07-29 04:28:13,123 - INFO - Baseline - Batch 500/563, Loss: 0.6056, Accuracy: 67.71%
2025-07-29 04:28:17,255 - INFO - Baseline Epoch 20 - Loss=0.5731, Acc=68.16%, Val Loss=0.5379, Val Acc=71.80%
2025-07-29 04:28:17,256 - INFO - Training normalized model...
2025-07-29 04:28:17,256 - INFO - Normalized Epoch 1/20
2025-07-29 04:28:17,317 - INFO - Normalized - Batch 0/563, Loss: 8.1901, Accuracy: 18.75%
2025-07-29 04:28:22,683 - INFO - Normalized - Batch 100/563, Loss: 1.4078, Accuracy: 25.00%
2025-07-29 04:28:28,048 - INFO - Normalized - Batch 200/563, Loss: 1.3494, Accuracy: 25.90%
2025-07-29 04:28:33,391 - INFO - Normalized - Batch 300/563, Loss: 1.4640, Accuracy: 26.00%
2025-07-29 04:28:38,735 - INFO - Normalized - Batch 400/563, Loss: 1.6111, Accuracy: 26.14%
2025-07-29 04:28:44,092 - INFO - Normalized - Batch 500/563, Loss: 1.4026, Accuracy: 26.42%
2025-07-29 04:28:48,429 - INFO - Normalized Epoch 1 - Loss=1.5103, Acc=26.46%, Val Loss=1.4192, Val Acc=24.00%
2025-07-29 04:28:48,429 - INFO - Normalized Epoch 2/20
2025-07-29 04:28:48,483 - INFO - Normalized - Batch 0/563, Loss: 1.4262, Accuracy: 31.25%
2025-07-29 04:28:53,845 - INFO - Normalized - Batch 100/563, Loss: 1.3263, Accuracy: 26.61%
2025-07-29 04:28:59,205 - INFO - Normalized - Batch 200/563, Loss: 1.3515, Accuracy: 27.11%
2025-07-29 04:29:04,559 - INFO - Normalized - Batch 300/563, Loss: 1.3482, Accuracy: 27.39%
2025-07-29 04:29:09,910 - INFO - Normalized - Batch 400/563, Loss: 1.2510, Accuracy: 28.77%
2025-07-29 04:29:15,260 - INFO - Normalized - Batch 500/563, Loss: 1.3342, Accuracy: 29.84%
2025-07-29 04:29:19,596 - INFO - Normalized Epoch 2 - Loss=1.3577, Acc=30.84%, Val Loss=1.1931, Val Acc=42.10%
2025-07-29 04:29:19,596 - INFO - Normalized Epoch 3/20
2025-07-29 04:29:19,650 - INFO - Normalized - Batch 0/563, Loss: 1.1560, Accuracy: 43.75%
2025-07-29 04:29:25,009 - INFO - Normalized - Batch 100/563, Loss: 1.0468, Accuracy: 44.37%
2025-07-29 04:29:30,368 - INFO - Normalized - Batch 200/563, Loss: 1.2211, Accuracy: 44.34%
2025-07-29 04:29:35,735 - INFO - Normalized - Batch 300/563, Loss: 1.0026, Accuracy: 45.87%
2025-07-29 04:29:41,100 - INFO - Normalized - Batch 400/563, Loss: 0.8722, Accuracy: 47.54%
2025-07-29 04:29:46,464 - INFO - Normalized - Batch 500/563, Loss: 1.0533, Accuracy: 48.68%
2025-07-29 04:29:50,803 - INFO - Normalized Epoch 3 - Loss=1.0404, Acc=49.33%, Val Loss=0.8201, Val Acc=58.20%
2025-07-29 04:29:50,803 - INFO - Normalized Epoch 4/20
2025-07-29 04:29:50,857 - INFO - Normalized - Batch 0/563, Loss: 0.7067, Accuracy: 56.25%
2025-07-29 04:29:56,207 - INFO - Normalized - Batch 100/563, Loss: 0.8771, Accuracy: 57.05%
2025-07-29 04:30:01,566 - INFO - Normalized - Batch 200/563, Loss: 0.9017, Accuracy: 58.24%
2025-07-29 04:30:06,928 - INFO - Normalized - Batch 300/563, Loss: 0.8015, Accuracy: 58.43%
2025-07-29 04:30:12,292 - INFO - Normalized - Batch 400/563, Loss: 0.7693, Accuracy: 58.28%
2025-07-29 04:30:17,658 - INFO - Normalized - Batch 500/563, Loss: 0.7572, Accuracy: 58.41%
2025-07-29 04:30:21,998 - INFO - Normalized Epoch 4 - Loss=0.7414, Acc=58.90%, Val Loss=0.8933, Val Acc=53.50%
2025-07-29 04:30:21,998 - INFO - Normalized Epoch 5/20
2025-07-29 04:30:22,052 - INFO - Normalized - Batch 0/563, Loss: 0.7168, Accuracy: 50.00%
2025-07-29 04:30:27,416 - INFO - Normalized - Batch 100/563, Loss: 0.7905, Accuracy: 65.35%
2025-07-29 04:30:32,782 - INFO - Normalized - Batch 200/563, Loss: 0.6857, Accuracy: 63.37%
2025-07-29 04:30:38,150 - INFO - Normalized - Batch 300/563, Loss: 0.4999, Accuracy: 62.89%
2025-07-29 04:30:43,512 - INFO - Normalized - Batch 400/563, Loss: 0.7615, Accuracy: 63.23%
2025-07-29 04:30:48,294 - INFO - Created baseline CTM model
2025-07-29 04:30:48,563 - INFO - Created normalized CTM model
2025-07-29 04:30:48,566 - INFO - Starting training comparison...
2025-07-29 04:30:48,566 - INFO - Training baseline model...
2025-07-29 04:30:48,567 - INFO - Baseline Epoch 1/20
2025-07-29 04:30:48,871 - INFO - Normalized - Batch 500/563, Loss: 0.6647, Accuracy: 63.47%
2025-07-29 04:30:53,148 - INFO - Baseline - Batch 0/563, Loss: 1.3749, Accuracy: 31.25%
2025-07-29 04:30:53,212 - INFO - Normalized Epoch 5 - Loss=0.6815, Acc=63.44%, Val Loss=0.8067, Val Acc=63.20%
2025-07-29 04:30:53,214 - INFO - Normalized Epoch 6/20
2025-07-29 04:30:53,269 - INFO - Normalized - Batch 0/563, Loss: 0.5879, Accuracy: 62.50%
2025-07-29 04:30:58,584 - INFO - Baseline - Batch 100/563, Loss: 1.3981, Accuracy: 24.38%
2025-07-29 04:30:58,638 - INFO - Normalized - Batch 100/563, Loss: 0.5377, Accuracy: 64.73%
2025-07-29 04:31:04,008 - INFO - Baseline - Batch 200/563, Loss: 1.3155, Accuracy: 28.26%
2025-07-29 04:31:04,010 - INFO - Normalized - Batch 200/563, Loss: 0.8358, Accuracy: 63.43%
2025-07-29 04:31:09,386 - INFO - Normalized - Batch 300/563, Loss: 0.7151, Accuracy: 64.10%
2025-07-29 04:31:09,441 - INFO - Baseline - Batch 300/563, Loss: 1.0947, Accuracy: 32.89%
2025-07-29 04:31:14,876 - INFO - Baseline - Batch 400/563, Loss: 1.1836, Accuracy: 35.61%
2025-07-29 04:31:14,949 - INFO - Normalized - Batch 400/563, Loss: 0.8800, Accuracy: 64.73%
2025-07-29 04:31:20,309 - INFO - Baseline - Batch 500/563, Loss: 1.2214, Accuracy: 38.32%
2025-07-29 04:31:20,565 - INFO - Normalized - Batch 500/563, Loss: 0.7761, Accuracy: 64.73%
2025-07-29 04:31:24,780 - INFO - Baseline Epoch 1 - Loss=1.2238, Acc=39.39%, Val Loss=1.3841, Val Acc=45.90%
2025-07-29 04:31:24,783 - INFO - Baseline Epoch 2/20
2025-07-29 04:31:24,837 - INFO - Baseline - Batch 0/563, Loss: 1.2171, Accuracy: 25.00%
2025-07-29 04:31:25,066 - INFO - Normalized Epoch 6 - Loss=0.6509, Acc=64.72%, Val Loss=0.8329, Val Acc=65.40%
2025-07-29 04:31:25,068 - INFO - Normalized Epoch 7/20
2025-07-29 04:31:25,124 - INFO - Normalized - Batch 0/563, Loss: 0.5967, Accuracy: 68.75%
2025-07-29 04:31:30,267 - INFO - Baseline - Batch 100/563, Loss: 0.9650, Accuracy: 54.76%
2025-07-29 04:31:30,738 - INFO - Normalized - Batch 100/563, Loss: 0.5873, Accuracy: 66.03%
2025-07-29 04:31:35,706 - INFO - Baseline - Batch 200/563, Loss: 0.7891, Accuracy: 52.39%
2025-07-29 04:31:36,354 - INFO - Normalized - Batch 200/563, Loss: 0.5668, Accuracy: 65.70%
2025-07-29 04:31:41,148 - INFO - Baseline - Batch 300/563, Loss: 1.2111, Accuracy: 52.57%
2025-07-29 04:31:41,976 - INFO - Normalized - Batch 300/563, Loss: 0.7217, Accuracy: 66.24%
2025-07-29 04:31:46,598 - INFO - Baseline - Batch 400/563, Loss: 0.8123, Accuracy: 53.24%
2025-07-29 04:31:47,598 - INFO - Normalized - Batch 400/563, Loss: 0.7019, Accuracy: 66.35%
2025-07-29 04:31:52,060 - INFO - Baseline - Batch 500/563, Loss: 0.9930, Accuracy: 53.85%
2025-07-29 04:31:53,222 - INFO - Normalized - Batch 500/563, Loss: 0.7616, Accuracy: 66.59%
2025-07-29 04:31:56,435 - INFO - Baseline Epoch 2 - Loss=0.9017, Acc=54.04%, Val Loss=0.7978, Val Acc=56.40%
2025-07-29 04:31:56,438 - INFO - Baseline Epoch 3/20
2025-07-29 04:31:56,492 - INFO - Baseline - Batch 0/563, Loss: 0.8111, Accuracy: 50.00%
2025-07-29 04:31:57,721 - INFO - Normalized Epoch 7 - Loss=0.6156, Acc=67.04%, Val Loss=0.7264, Val Acc=62.80%
2025-07-29 04:31:57,723 - INFO - Normalized Epoch 8/20
2025-07-29 04:31:57,779 - INFO - Normalized - Batch 0/563, Loss: 0.5205, Accuracy: 68.75%
2025-07-29 04:32:01,933 - INFO - Baseline - Batch 100/563, Loss: 0.7016, Accuracy: 55.94%
2025-07-29 04:32:03,399 - INFO - Normalized - Batch 100/563, Loss: 0.5547, Accuracy: 69.49%
2025-07-29 04:32:07,372 - INFO - Baseline - Batch 200/563, Loss: 0.6254, Accuracy: 55.91%
2025-07-29 04:32:09,020 - INFO - Normalized - Batch 200/563, Loss: 0.7552, Accuracy: 68.84%
2025-07-29 04:32:12,816 - INFO - Baseline - Batch 300/563, Loss: 0.8239, Accuracy: 56.33%
2025-07-29 04:32:14,643 - INFO - Normalized - Batch 300/563, Loss: 0.6975, Accuracy: 68.60%
2025-07-29 04:32:18,261 - INFO - Baseline - Batch 400/563, Loss: 0.7145, Accuracy: 56.75%
2025-07-29 04:32:20,264 - INFO - Normalized - Batch 400/563, Loss: 0.7049, Accuracy: 68.66%
2025-07-29 04:32:23,711 - INFO - Baseline - Batch 500/563, Loss: 0.7954, Accuracy: 57.07%
2025-07-29 04:32:25,888 - INFO - Normalized - Batch 500/563, Loss: 0.7586, Accuracy: 68.84%
2025-07-29 04:32:28,086 - INFO - Baseline Epoch 3 - Loss=0.7107, Acc=57.66%, Val Loss=0.8000, Val Acc=58.20%
2025-07-29 04:32:28,089 - INFO - Baseline Epoch 4/20
2025-07-29 04:32:28,143 - INFO - Baseline - Batch 0/563, Loss: 0.9309, Accuracy: 43.75%
2025-07-29 04:32:30,391 - INFO - Normalized Epoch 8 - Loss=0.5857, Acc=69.26%, Val Loss=0.7800, Val Acc=60.90%
2025-07-29 04:32:30,393 - INFO - Normalized Epoch 9/20
2025-07-29 04:32:30,449 - INFO - Normalized - Batch 0/563, Loss: 0.8825, Accuracy: 50.00%
2025-07-29 04:32:33,584 - INFO - Baseline - Batch 100/563, Loss: 0.7139, Accuracy: 58.04%
2025-07-29 04:32:36,069 - INFO - Normalized - Batch 100/563, Loss: 0.4913, Accuracy: 69.00%
2025-07-29 04:32:39,023 - INFO - Baseline - Batch 200/563, Loss: 0.6701, Accuracy: 58.80%
2025-07-29 04:32:41,691 - INFO - Normalized - Batch 200/563, Loss: 0.4615, Accuracy: 70.27%
2025-07-29 04:32:44,467 - INFO - Baseline - Batch 300/563, Loss: 0.5982, Accuracy: 59.47%
2025-07-29 04:32:47,316 - INFO - Normalized - Batch 300/563, Loss: 0.6566, Accuracy: 69.64%
2025-07-29 04:32:49,913 - INFO - Baseline - Batch 400/563, Loss: 0.4962, Accuracy: 59.46%
2025-07-29 04:32:52,944 - INFO - Normalized - Batch 400/563, Loss: 0.6398, Accuracy: 70.25%
2025-07-29 04:32:55,282 - INFO - Baseline - Batch 500/563, Loss: 0.6663, Accuracy: 59.63%
2025-07-29 04:32:58,570 - INFO - Normalized - Batch 500/563, Loss: 0.5581, Accuracy: 70.28%
2025-07-29 04:32:59,500 - INFO - Baseline Epoch 4 - Loss=0.6696, Acc=59.82%, Val Loss=0.6555, Val Acc=58.40%
2025-07-29 04:32:59,503 - INFO - Baseline Epoch 5/20
2025-07-29 04:32:59,555 - INFO - Baseline - Batch 0/563, Loss: 0.5940, Accuracy: 68.75%
2025-07-29 04:33:03,075 - INFO - Normalized Epoch 9 - Loss=0.5665, Acc=70.30%, Val Loss=0.6321, Val Acc=69.00%
2025-07-29 04:33:03,078 - INFO - Normalized Epoch 10/20
2025-07-29 04:33:03,134 - INFO - Normalized - Batch 0/563, Loss: 0.4488, Accuracy: 75.00%
2025-07-29 04:33:04,748 - INFO - Baseline - Batch 100/563, Loss: 0.5902, Accuracy: 60.95%
2025-07-29 04:33:08,756 - INFO - Normalized - Batch 100/563, Loss: 0.6323, Accuracy: 71.97%
2025-07-29 04:33:09,943 - INFO - Baseline - Batch 200/563, Loss: 0.7189, Accuracy: 60.70%
2025-07-29 04:33:14,380 - INFO - Normalized - Batch 200/563, Loss: 0.8855, Accuracy: 71.27%
2025-07-29 04:33:15,137 - INFO - Baseline - Batch 300/563, Loss: 0.5390, Accuracy: 61.21%
2025-07-29 04:33:20,006 - INFO - Normalized - Batch 300/563, Loss: 0.6424, Accuracy: 71.39%
2025-07-29 04:33:20,330 - INFO - Baseline - Batch 400/563, Loss: 0.6382, Accuracy: 61.03%
2025-07-29 04:33:25,524 - INFO - Baseline - Batch 500/563, Loss: 0.6412, Accuracy: 61.44%
2025-07-29 04:33:25,635 - INFO - Normalized - Batch 400/563, Loss: 0.6587, Accuracy: 71.10%
2025-07-29 04:33:29,746 - INFO - Baseline Epoch 5 - Loss=0.6490, Acc=61.78%, Val Loss=0.6676, Val Acc=59.60%
2025-07-29 04:33:29,750 - INFO - Baseline Epoch 6/20
2025-07-29 04:33:29,802 - INFO - Baseline - Batch 0/563, Loss: 0.5335, Accuracy: 75.00%
2025-07-29 04:33:31,260 - INFO - Normalized - Batch 500/563, Loss: 0.5644, Accuracy: 71.18%
2025-07-29 04:33:34,998 - INFO - Baseline - Batch 100/563, Loss: 0.9581, Accuracy: 63.12%
2025-07-29 04:33:35,756 - INFO - Normalized Epoch 10 - Loss=0.5565, Acc=71.22%, Val Loss=0.5414, Val Acc=73.00%
2025-07-29 04:33:35,758 - INFO - Normalized Epoch 11/20
2025-07-29 04:33:35,814 - INFO - Normalized - Batch 0/563, Loss: 0.4783, Accuracy: 75.00%
2025-07-29 04:33:40,207 - INFO - Baseline - Batch 200/563, Loss: 0.7563, Accuracy: 63.22%
2025-07-29 04:33:41,431 - INFO - Normalized - Batch 100/563, Loss: 0.5894, Accuracy: 70.67%
2025-07-29 04:33:45,414 - INFO - Baseline - Batch 300/563, Loss: 0.7036, Accuracy: 63.68%
2025-07-29 04:33:47,057 - INFO - Normalized - Batch 200/563, Loss: 0.3838, Accuracy: 72.11%
2025-07-29 04:33:50,622 - INFO - Baseline - Batch 400/563, Loss: 0.5412, Accuracy: 64.11%
2025-07-29 04:33:52,679 - INFO - Normalized - Batch 300/563, Loss: 0.4436, Accuracy: 72.26%
2025-07-29 04:33:55,828 - INFO - Baseline - Batch 500/563, Loss: 0.7294, Accuracy: 64.43%
2025-07-29 04:33:58,303 - INFO - Normalized - Batch 400/563, Loss: 0.6670, Accuracy: 72.16%
2025-07-29 04:34:00,054 - INFO - Baseline Epoch 6 - Loss=0.6188, Acc=64.69%, Val Loss=0.6520, Val Acc=66.80%
2025-07-29 04:34:00,057 - INFO - Baseline Epoch 7/20
2025-07-29 04:34:00,109 - INFO - Baseline - Batch 0/563, Loss: 0.6704, Accuracy: 68.75%
2025-07-29 04:34:03,931 - INFO - Normalized - Batch 500/563, Loss: 0.4464, Accuracy: 72.29%
2025-07-29 04:34:05,309 - INFO - Baseline - Batch 100/563, Loss: 0.4369, Accuracy: 64.91%
2025-07-29 04:34:08,429 - INFO - Normalized Epoch 11 - Loss=0.5378, Acc=72.04%, Val Loss=0.6208, Val Acc=71.90%
2025-07-29 04:34:08,431 - INFO - Normalized Epoch 12/20
2025-07-29 04:34:08,487 - INFO - Normalized - Batch 0/563, Loss: 0.5583, Accuracy: 81.25%
2025-07-29 04:34:10,510 - INFO - Baseline - Batch 200/563, Loss: 0.6517, Accuracy: 66.29%
2025-07-29 04:34:14,105 - INFO - Normalized - Batch 100/563, Loss: 0.4189, Accuracy: 71.29%
2025-07-29 04:34:15,712 - INFO - Baseline - Batch 300/563, Loss: 0.6009, Accuracy: 66.15%
2025-07-29 04:34:19,733 - INFO - Normalized - Batch 200/563, Loss: 0.4786, Accuracy: 72.64%
2025-07-29 04:34:20,907 - INFO - Baseline - Batch 400/563, Loss: 0.6807, Accuracy: 66.71%
2025-07-29 04:34:25,355 - INFO - Normalized - Batch 300/563, Loss: 0.5419, Accuracy: 72.47%
2025-07-29 04:34:26,109 - INFO - Baseline - Batch 500/563, Loss: 0.5598, Accuracy: 66.69%
2025-07-29 04:34:30,332 - INFO - Baseline Epoch 7 - Loss=0.5986, Acc=66.73%, Val Loss=0.5726, Val Acc=67.10%
2025-07-29 04:34:30,332 - INFO - Baseline Epoch 8/20
2025-07-29 04:34:30,384 - INFO - Baseline - Batch 0/563, Loss: 0.4419, Accuracy: 81.25%
2025-07-29 04:34:30,979 - INFO - Normalized - Batch 400/563, Loss: 0.4496, Accuracy: 72.63%
2025-07-29 04:34:35,586 - INFO - Baseline - Batch 100/563, Loss: 0.5822, Accuracy: 67.45%
2025-07-29 04:34:36,602 - INFO - Normalized - Batch 500/563, Loss: 0.4206, Accuracy: 72.54%
2025-07-29 04:34:40,783 - INFO - Baseline - Batch 200/563, Loss: 0.6582, Accuracy: 68.22%
2025-07-29 04:34:41,100 - INFO - Normalized Epoch 12 - Loss=0.5257, Acc=72.80%, Val Loss=0.5507, Val Acc=74.50%
2025-07-29 04:34:41,102 - INFO - Normalized Epoch 13/20
2025-07-29 04:34:41,158 - INFO - Normalized - Batch 0/563, Loss: 0.5412, Accuracy: 62.50%
2025-07-29 04:34:45,981 - INFO - Baseline - Batch 300/563, Loss: 0.6168, Accuracy: 68.94%
2025-07-29 04:34:46,776 - INFO - Normalized - Batch 100/563, Loss: 0.3609, Accuracy: 72.28%
2025-07-29 04:34:51,182 - INFO - Baseline - Batch 400/563, Loss: 0.6499, Accuracy: 69.37%
2025-07-29 04:34:52,366 - INFO - Normalized - Batch 200/563, Loss: 0.4777, Accuracy: 72.36%
2025-07-29 04:34:56,380 - INFO - Baseline - Batch 500/563, Loss: 0.6391, Accuracy: 69.11%
2025-07-29 04:34:57,725 - INFO - Normalized - Batch 300/563, Loss: 0.4680, Accuracy: 71.91%
2025-07-29 04:35:00,606 - INFO - Baseline Epoch 8 - Loss=0.5760, Acc=69.03%, Val Loss=0.5368, Val Acc=71.90%
2025-07-29 04:35:00,609 - INFO - Baseline Epoch 9/20
2025-07-29 04:35:00,661 - INFO - Baseline - Batch 0/563, Loss: 0.4472, Accuracy: 75.00%
2025-07-29 04:35:03,087 - INFO - Normalized - Batch 400/563, Loss: 0.5111, Accuracy: 72.18%
2025-07-29 04:35:05,859 - INFO - Baseline - Batch 100/563, Loss: 0.5838, Accuracy: 71.53%
2025-07-29 04:35:08,452 - INFO - Normalized - Batch 500/563, Loss: 0.4495, Accuracy: 72.82%
2025-07-29 04:35:11,053 - INFO - Baseline - Batch 200/563, Loss: 0.6519, Accuracy: 70.46%
2025-07-29 04:35:12,789 - INFO - Normalized Epoch 13 - Loss=0.5155, Acc=72.84%, Val Loss=0.5286, Val Acc=73.30%
2025-07-29 04:35:12,792 - INFO - Normalized Epoch 14/20
2025-07-29 04:35:12,845 - INFO - Normalized - Batch 0/563, Loss: 0.3397, Accuracy: 93.75%
2025-07-29 04:35:16,253 - INFO - Baseline - Batch 300/563, Loss: 0.6515, Accuracy: 69.83%
2025-07-29 04:35:18,207 - INFO - Normalized - Batch 100/563, Loss: 0.3633, Accuracy: 74.44%
2025-07-29 04:35:21,458 - INFO - Baseline - Batch 400/563, Loss: 0.3475, Accuracy: 69.86%
2025-07-29 04:35:23,568 - INFO - Normalized - Batch 200/563, Loss: 0.6191, Accuracy: 74.94%
2025-07-29 04:35:26,661 - INFO - Baseline - Batch 500/563, Loss: 0.5384, Accuracy: 69.59%
2025-07-29 04:35:28,931 - INFO - Normalized - Batch 300/563, Loss: 0.5925, Accuracy: 74.63%
2025-07-29 04:35:30,881 - INFO - Baseline Epoch 9 - Loss=0.5603, Acc=69.72%, Val Loss=0.5412, Val Acc=71.70%
2025-07-29 04:35:30,884 - INFO - Baseline Epoch 10/20
2025-07-29 04:35:30,936 - INFO - Baseline - Batch 0/563, Loss: 0.6668, Accuracy: 56.25%
2025-07-29 04:35:34,295 - INFO - Normalized - Batch 400/563, Loss: 0.5511, Accuracy: 74.47%
2025-07-29 04:35:36,137 - INFO - Baseline - Batch 100/563, Loss: 0.5945, Accuracy: 72.09%
2025-07-29 04:35:39,661 - INFO - Normalized - Batch 500/563, Loss: 0.2754, Accuracy: 74.83%
2025-07-29 04:35:41,332 - INFO - Baseline - Batch 200/563, Loss: 0.6072, Accuracy: 71.18%
2025-07-29 04:35:43,997 - INFO - Normalized Epoch 14 - Loss=0.4977, Acc=74.69%, Val Loss=0.5968, Val Acc=71.30%
2025-07-29 04:35:44,000 - INFO - Normalized Epoch 15/20
2025-07-29 04:35:44,053 - INFO - Normalized - Batch 0/563, Loss: 0.6868, Accuracy: 62.50%
2025-07-29 04:35:46,532 - INFO - Baseline - Batch 300/563, Loss: 0.5217, Accuracy: 71.10%
2025-07-29 04:35:49,414 - INFO - Normalized - Batch 100/563, Loss: 0.6116, Accuracy: 76.42%
2025-07-29 04:35:51,738 - INFO - Baseline - Batch 400/563, Loss: 0.6201, Accuracy: 71.32%
2025-07-29 04:35:54,780 - INFO - Normalized - Batch 200/563, Loss: 0.3878, Accuracy: 76.18%
2025-07-29 04:35:56,944 - INFO - Baseline - Batch 500/563, Loss: 0.4488, Accuracy: 71.56%
2025-07-29 04:36:00,146 - INFO - Normalized - Batch 300/563, Loss: 0.3466, Accuracy: 75.96%
2025-07-29 04:36:01,169 - INFO - Baseline Epoch 10 - Loss=0.5410, Acc=71.51%, Val Loss=0.5929, Val Acc=67.50%
2025-07-29 04:36:01,171 - INFO - Baseline Epoch 11/20
2025-07-29 04:36:01,224 - INFO - Baseline - Batch 0/563, Loss: 0.4159, Accuracy: 81.25%
2025-07-29 04:36:05,517 - INFO - Normalized - Batch 400/563, Loss: 0.3775, Accuracy: 75.87%
2025-07-29 04:36:06,425 - INFO - Baseline - Batch 100/563, Loss: 0.4474, Accuracy: 73.95%
2025-07-29 04:36:10,900 - INFO - Normalized - Batch 500/563, Loss: 0.2131, Accuracy: 75.52%
2025-07-29 04:36:11,627 - INFO - Baseline - Batch 200/563, Loss: 0.7853, Accuracy: 71.39%
2025-07-29 04:36:15,241 - INFO - Normalized Epoch 15 - Loss=0.4783, Acc=76.04%, Val Loss=0.7190, Val Acc=70.60%
2025-07-29 04:36:15,244 - INFO - Normalized Epoch 16/20
2025-07-29 04:36:15,298 - INFO - Normalized - Batch 0/563, Loss: 0.5945, Accuracy: 68.75%
2025-07-29 04:36:16,832 - INFO - Baseline - Batch 300/563, Loss: 0.5407, Accuracy: 71.49%
2025-07-29 04:36:20,668 - INFO - Normalized - Batch 100/563, Loss: 0.3120, Accuracy: 74.44%
2025-07-29 04:36:22,036 - INFO - Baseline - Batch 400/563, Loss: 0.4026, Accuracy: 71.85%
2025-07-29 04:36:26,044 - INFO - Normalized - Batch 200/563, Loss: 0.5107, Accuracy: 74.72%
2025-07-29 04:36:27,261 - INFO - Baseline - Batch 500/563, Loss: 0.4804, Accuracy: 71.88%
2025-07-29 04:36:31,418 - INFO - Normalized - Batch 300/563, Loss: 0.6131, Accuracy: 75.71%
2025-07-29 04:36:31,504 - INFO - Baseline Epoch 11 - Loss=0.5335, Acc=71.57%, Val Loss=0.4988, Val Acc=73.20%
2025-07-29 04:36:31,507 - INFO - Baseline Epoch 12/20
2025-07-29 04:36:31,559 - INFO - Baseline - Batch 0/563, Loss: 0.4788, Accuracy: 81.25%
2025-07-29 04:36:36,793 - INFO - Normalized - Batch 400/563, Loss: 0.6173, Accuracy: 75.69%
2025-07-29 04:36:36,794 - INFO - Baseline - Batch 100/563, Loss: 0.6485, Accuracy: 73.21%
2025-07-29 04:36:42,034 - INFO - Baseline - Batch 200/563, Loss: 0.4064, Accuracy: 73.41%
2025-07-29 04:36:42,166 - INFO - Normalized - Batch 500/563, Loss: 0.6384, Accuracy: 75.37%
2025-07-29 04:36:46,512 - INFO - Normalized Epoch 16 - Loss=0.4824, Acc=75.34%, Val Loss=0.4624, Val Acc=75.70%
2025-07-29 04:36:46,512 - INFO - Normalized Epoch 17/20
2025-07-29 04:36:46,565 - INFO - Normalized - Batch 0/563, Loss: 0.4734, Accuracy: 75.00%
2025-07-29 04:36:47,272 - INFO - Baseline - Batch 300/563, Loss: 0.5466, Accuracy: 72.99%
2025-07-29 04:36:51,935 - INFO - Normalized - Batch 100/563, Loss: 0.2666, Accuracy: 76.36%
2025-07-29 04:36:52,510 - INFO - Baseline - Batch 400/563, Loss: 0.3334, Accuracy: 72.51%
2025-07-29 04:36:57,308 - INFO - Normalized - Batch 200/563, Loss: 0.6662, Accuracy: 76.43%
2025-07-29 04:36:57,746 - INFO - Baseline - Batch 500/563, Loss: 0.4784, Accuracy: 72.72%
2025-07-29 04:37:01,996 - INFO - Baseline Epoch 12 - Loss=0.5207, Acc=72.41%, Val Loss=0.5474, Val Acc=71.10%
2025-07-29 04:37:01,996 - INFO - Baseline Epoch 13/20
2025-07-29 04:37:02,049 - INFO - Baseline - Batch 0/563, Loss: 0.4876, Accuracy: 81.25%
2025-07-29 04:37:02,681 - INFO - Normalized - Batch 300/563, Loss: 0.6860, Accuracy: 76.12%
2025-07-29 04:37:07,282 - INFO - Baseline - Batch 100/563, Loss: 0.3769, Accuracy: 71.16%
2025-07-29 04:37:08,055 - INFO - Normalized - Batch 400/563, Loss: 0.2486, Accuracy: 76.40%
2025-07-29 04:37:12,516 - INFO - Baseline - Batch 200/563, Loss: 0.5650, Accuracy: 72.64%
2025-07-29 04:37:13,433 - INFO - Normalized - Batch 500/563, Loss: 0.2101, Accuracy: 77.02%
2025-07-29 04:37:17,749 - INFO - Baseline - Batch 300/563, Loss: 0.5570, Accuracy: 72.51%
2025-07-29 04:37:17,779 - INFO - Normalized Epoch 17 - Loss=0.4584, Acc=76.98%, Val Loss=0.5746, Val Acc=72.00%
2025-07-29 04:37:17,781 - INFO - Normalized Epoch 18/20
2025-07-29 04:37:17,835 - INFO - Normalized - Batch 0/563, Loss: 0.3290, Accuracy: 87.50%
2025-07-29 04:37:22,985 - INFO - Baseline - Batch 400/563, Loss: 0.6569, Accuracy: 72.65%
2025-07-29 04:37:23,205 - INFO - Normalized - Batch 100/563, Loss: 0.2893, Accuracy: 77.17%
2025-07-29 04:37:28,225 - INFO - Baseline - Batch 500/563, Loss: 0.3827, Accuracy: 72.77%
2025-07-29 04:37:28,581 - INFO - Normalized - Batch 200/563, Loss: 0.2932, Accuracy: 77.43%
2025-07-29 04:37:32,472 - INFO - Baseline Epoch 13 - Loss=0.5107, Acc=72.87%, Val Loss=0.5185, Val Acc=71.20%
2025-07-29 04:37:32,474 - INFO - Baseline Epoch 14/20
2025-07-29 04:37:32,528 - INFO - Baseline - Batch 0/563, Loss: 0.4502, Accuracy: 68.75%
2025-07-29 04:37:33,962 - INFO - Normalized - Batch 300/563, Loss: 0.3461, Accuracy: 77.80%
2025-07-29 04:37:37,766 - INFO - Baseline - Batch 100/563, Loss: 0.4297, Accuracy: 72.28%
2025-07-29 04:37:39,347 - INFO - Normalized - Batch 400/563, Loss: 0.4354, Accuracy: 78.05%
2025-07-29 04:37:43,002 - INFO - Baseline - Batch 200/563, Loss: 0.6474, Accuracy: 72.95%
2025-07-29 04:37:44,728 - INFO - Normalized - Batch 500/563, Loss: 0.4979, Accuracy: 77.67%
2025-07-29 04:37:48,242 - INFO - Baseline - Batch 300/563, Loss: 0.5324, Accuracy: 72.74%
2025-07-29 04:37:49,076 - INFO - Normalized Epoch 18 - Loss=0.4479, Acc=77.49%, Val Loss=0.5945, Val Acc=73.10%
2025-07-29 04:37:49,079 - INFO - Normalized Epoch 19/20
2025-07-29 04:37:49,132 - INFO - Normalized - Batch 0/563, Loss: 0.6790, Accuracy: 56.25%
2025-07-29 04:37:53,480 - INFO - Baseline - Batch 400/563, Loss: 0.4730, Accuracy: 72.93%
2025-07-29 04:37:54,512 - INFO - Normalized - Batch 100/563, Loss: 0.3554, Accuracy: 77.66%
2025-07-29 04:37:58,714 - INFO - Baseline - Batch 500/563, Loss: 0.4979, Accuracy: 73.32%
2025-07-29 04:37:59,897 - INFO - Normalized - Batch 200/563, Loss: 0.6405, Accuracy: 77.46%
2025-07-29 04:38:02,963 - INFO - Baseline Epoch 14 - Loss=0.5022, Acc=73.63%, Val Loss=0.5233, Val Acc=73.00%
2025-07-29 04:38:02,966 - INFO - Baseline Epoch 15/20
2025-07-29 04:38:03,018 - INFO - Baseline - Batch 0/563, Loss: 0.5129, Accuracy: 87.50%
2025-07-29 04:38:05,284 - INFO - Normalized - Batch 300/563, Loss: 0.4659, Accuracy: 77.89%
2025-07-29 04:38:08,251 - INFO - Baseline - Batch 100/563, Loss: 0.4451, Accuracy: 76.11%
2025-07-29 04:38:10,667 - INFO - Normalized - Batch 400/563, Loss: 0.5091, Accuracy: 77.91%
2025-07-29 04:38:13,487 - INFO - Baseline - Batch 200/563, Loss: 0.3205, Accuracy: 74.75%
2025-07-29 04:38:16,053 - INFO - Normalized - Batch 500/563, Loss: 0.4437, Accuracy: 77.86%
2025-07-29 04:38:18,723 - INFO - Baseline - Batch 300/563, Loss: 0.2350, Accuracy: 74.79%
2025-07-29 04:38:20,403 - INFO - Normalized Epoch 19 - Loss=0.4350, Acc=78.09%, Val Loss=0.4379, Val Acc=78.10%
2025-07-29 04:38:20,406 - INFO - Normalized Epoch 20/20
2025-07-29 04:38:20,460 - INFO - Normalized - Batch 0/563, Loss: 0.3432, Accuracy: 87.50%
2025-07-29 04:38:23,964 - INFO - Baseline - Batch 400/563, Loss: 0.7563, Accuracy: 74.58%
2025-07-29 04:38:25,838 - INFO - Normalized - Batch 100/563, Loss: 0.2339, Accuracy: 79.21%
2025-07-29 04:38:29,198 - INFO - Baseline - Batch 500/563, Loss: 0.4011, Accuracy: 74.39%
2025-07-29 04:38:31,217 - INFO - Normalized - Batch 200/563, Loss: 0.4688, Accuracy: 78.51%
2025-07-29 04:38:33,445 - INFO - Baseline Epoch 15 - Loss=0.4957, Acc=74.10%, Val Loss=0.5550, Val Acc=72.00%
2025-07-29 04:38:33,448 - INFO - Baseline Epoch 16/20
2025-07-29 04:38:33,501 - INFO - Baseline - Batch 0/563, Loss: 0.4333, Accuracy: 81.25%
2025-07-29 04:38:36,601 - INFO - Normalized - Batch 300/563, Loss: 0.3428, Accuracy: 78.63%
2025-07-29 04:38:38,734 - INFO - Baseline - Batch 100/563, Loss: 0.6142, Accuracy: 75.68%
2025-07-29 04:38:41,982 - INFO - Normalized - Batch 400/563, Loss: 0.2362, Accuracy: 78.20%
2025-07-29 04:38:43,975 - INFO - Baseline - Batch 200/563, Loss: 0.4984, Accuracy: 74.75%
2025-07-29 04:38:47,371 - INFO - Normalized - Batch 500/563, Loss: 0.2472, Accuracy: 78.38%
2025-07-29 04:38:49,218 - INFO - Baseline - Batch 300/563, Loss: 0.5507, Accuracy: 75.00%
2025-07-29 04:38:51,726 - INFO - Normalized Epoch 20 - Loss=0.4320, Acc=78.47%, Val Loss=0.4411, Val Acc=78.00%
2025-07-29 04:38:51,728 - INFO - Generating analysis plots...
2025-07-29 04:38:54,458 - INFO - Baseline - Batch 400/563, Loss: 0.5668, Accuracy: 75.55%
2025-07-29 04:38:56,443 - INFO - Training comparison completed!
2025-07-29 04:38:56,445 - INFO - Final Baseline Accuracy: 68.16%
2025-07-29 04:38:56,445 - INFO - Final Normalized Accuracy: 78.47%
2025-07-29 04:38:56,445 - INFO - Accuracy Improvement: 10.31%
2025-07-29 04:38:59,696 - INFO - Baseline - Batch 500/563, Loss: 0.7348, Accuracy: 75.21%
2025-07-29 04:39:03,940 - INFO - Baseline Epoch 16 - Loss=0.4794, Acc=75.08%, Val Loss=0.4919, Val Acc=74.40%
2025-07-29 04:39:03,940 - INFO - Baseline Epoch 17/20
2025-07-29 04:39:03,993 - INFO - Baseline - Batch 0/563, Loss: 0.4404, Accuracy: 75.00%
2025-07-29 04:39:09,224 - INFO - Baseline - Batch 100/563, Loss: 0.6709, Accuracy: 73.58%
2025-07-29 04:39:14,454 - INFO - Baseline - Batch 200/563, Loss: 0.1809, Accuracy: 74.94%
2025-07-29 04:39:19,682 - INFO - Baseline - Batch 300/563, Loss: 0.4194, Accuracy: 74.71%
2025-07-29 04:39:24,907 - INFO - Baseline - Batch 400/563, Loss: 0.6937, Accuracy: 74.58%
2025-07-29 04:39:30,135 - INFO - Baseline - Batch 500/563, Loss: 0.6034, Accuracy: 75.01%
2025-07-29 04:39:34,374 - INFO - Baseline Epoch 17 - Loss=0.4758, Acc=75.07%, Val Loss=0.4894, Val Acc=75.50%
2025-07-29 04:39:34,375 - INFO - Baseline Epoch 18/20
2025-07-29 04:39:34,427 - INFO - Baseline - Batch 0/563, Loss: 0.5088, Accuracy: 68.75%
2025-07-29 04:39:39,657 - INFO - Baseline - Batch 100/563, Loss: 0.4428, Accuracy: 76.18%
2025-07-29 04:39:44,892 - INFO - Baseline - Batch 200/563, Loss: 0.7221, Accuracy: 76.21%
2025-07-29 04:39:50,125 - INFO - Baseline - Batch 300/563, Loss: 0.4739, Accuracy: 76.39%
2025-07-29 04:39:55,364 - INFO - Baseline - Batch 400/563, Loss: 0.4542, Accuracy: 76.22%
2025-07-29 04:40:00,556 - INFO - Baseline - Batch 500/563, Loss: 0.6035, Accuracy: 76.15%
2025-07-29 04:40:04,767 - INFO - Baseline Epoch 18 - Loss=0.4637, Acc=76.09%, Val Loss=0.5476, Val Acc=73.20%
2025-07-29 04:40:04,767 - INFO - Baseline Epoch 19/20
2025-07-29 04:40:04,819 - INFO - Baseline - Batch 0/563, Loss: 0.4773, Accuracy: 68.75%
2025-07-29 04:40:10,007 - INFO - Baseline - Batch 100/563, Loss: 0.6062, Accuracy: 76.86%
2025-07-29 04:40:15,196 - INFO - Baseline - Batch 200/563, Loss: 0.5505, Accuracy: 76.77%
2025-07-29 04:40:20,387 - INFO - Baseline - Batch 300/563, Loss: 0.5699, Accuracy: 76.23%
2025-07-29 04:40:25,582 - INFO - Baseline - Batch 400/563, Loss: 0.2979, Accuracy: 76.45%
2025-07-29 04:40:30,774 - INFO - Baseline - Batch 500/563, Loss: 0.4715, Accuracy: 76.71%
2025-07-29 04:40:34,993 - INFO - Baseline Epoch 19 - Loss=0.4574, Acc=76.69%, Val Loss=0.4654, Val Acc=75.30%
2025-07-29 04:40:34,994 - INFO - Baseline Epoch 20/20
2025-07-29 04:40:35,046 - INFO - Baseline - Batch 0/563, Loss: 0.3977, Accuracy: 81.25%
2025-07-29 04:40:40,237 - INFO - Baseline - Batch 100/563, Loss: 0.3435, Accuracy: 75.74%
2025-07-29 04:40:45,433 - INFO - Baseline - Batch 200/563, Loss: 0.7273, Accuracy: 76.40%
2025-07-29 04:40:50,629 - INFO - Baseline - Batch 300/563, Loss: 0.4641, Accuracy: 76.79%
2025-07-29 04:40:55,820 - INFO - Baseline - Batch 400/563, Loss: 0.1832, Accuracy: 77.06%
2025-07-29 04:41:01,014 - INFO - Baseline - Batch 500/563, Loss: 0.4000, Accuracy: 77.08%
2025-07-29 04:41:05,225 - INFO - Baseline Epoch 20 - Loss=0.4474, Acc=76.96%, Val Loss=0.5039, Val Acc=74.80%
2025-07-29 04:41:05,225 - INFO - Training normalized model...
2025-07-29 04:41:05,225 - INFO - Normalized Epoch 1/20
2025-07-29 04:41:05,401 - INFO - Normalized - Batch 0/563, Loss: 4.2153, Accuracy: 18.75%
2025-07-29 04:41:10,852 - INFO - Normalized - Batch 100/563, Loss: 1.3873, Accuracy: 23.33%
2025-07-29 04:41:16,307 - INFO - Normalized - Batch 200/563, Loss: 1.2895, Accuracy: 24.32%
2025-07-29 04:41:21,758 - INFO - Normalized - Batch 300/563, Loss: 1.3674, Accuracy: 25.08%
2025-07-29 04:41:27,214 - INFO - Normalized - Batch 400/563, Loss: 1.4002, Accuracy: 25.37%
2025-07-29 04:41:32,663 - INFO - Normalized - Batch 500/563, Loss: 1.2922, Accuracy: 25.20%
2025-07-29 04:41:37,093 - INFO - Normalized Epoch 1 - Loss=1.5018, Acc=25.54%, Val Loss=1.4395, Val Acc=23.00%
2025-07-29 04:41:37,093 - INFO - Normalized Epoch 2/20
2025-07-29 04:41:37,148 - INFO - Normalized - Batch 0/563, Loss: 1.3514, Accuracy: 31.25%
2025-07-29 04:41:42,601 - INFO - Normalized - Batch 100/563, Loss: 1.4702, Accuracy: 24.38%
2025-07-29 04:41:48,056 - INFO - Normalized - Batch 200/563, Loss: 1.3881, Accuracy: 26.00%
2025-07-29 04:41:53,515 - INFO - Normalized - Batch 300/563, Loss: 1.3723, Accuracy: 26.85%
2025-07-29 04:41:58,968 - INFO - Normalized - Batch 400/563, Loss: 1.3032, Accuracy: 27.81%
2025-07-29 04:42:04,419 - INFO - Normalized - Batch 500/563, Loss: 1.2465, Accuracy: 29.59%
2025-07-29 04:42:08,853 - INFO - Normalized Epoch 2 - Loss=1.3646, Acc=30.82%, Val Loss=1.3102, Val Acc=38.10%
2025-07-29 04:42:08,853 - INFO - Normalized Epoch 3/20
2025-07-29 04:42:08,908 - INFO - Normalized - Batch 0/563, Loss: 1.2149, Accuracy: 62.50%
2025-07-29 04:42:14,359 - INFO - Normalized - Batch 100/563, Loss: 0.9560, Accuracy: 45.17%
2025-07-29 04:42:19,808 - INFO - Normalized - Batch 200/563, Loss: 0.7496, Accuracy: 47.64%
2025-07-29 04:42:25,291 - INFO - Normalized - Batch 300/563, Loss: 0.8497, Accuracy: 48.28%
2025-07-29 04:42:30,746 - INFO - Normalized - Batch 400/563, Loss: 1.0887, Accuracy: 48.89%
2025-07-29 04:42:36,211 - INFO - Normalized - Batch 500/563, Loss: 0.7375, Accuracy: 49.74%
2025-07-29 04:42:40,650 - INFO - Normalized Epoch 3 - Loss=1.0361, Acc=50.13%, Val Loss=2.0055, Val Acc=33.60%
2025-07-29 04:42:40,650 - INFO - Normalized Epoch 4/20
2025-07-29 04:42:40,706 - INFO - Normalized - Batch 0/563, Loss: 0.9208, Accuracy: 43.75%
2025-07-29 04:42:46,167 - INFO - Normalized - Batch 100/563, Loss: 0.8211, Accuracy: 55.07%
2025-07-29 04:42:51,629 - INFO - Normalized - Batch 200/563, Loss: 0.9178, Accuracy: 56.50%
2025-07-29 04:42:57,090 - INFO - Normalized - Batch 300/563, Loss: 0.6739, Accuracy: 57.27%
2025-07-29 04:43:02,546 - INFO - Normalized - Batch 400/563, Loss: 0.7674, Accuracy: 57.56%
2025-07-29 04:43:08,006 - INFO - Normalized - Batch 500/563, Loss: 0.5505, Accuracy: 58.02%
2025-07-29 04:43:12,444 - INFO - Normalized Epoch 4 - Loss=0.7628, Acc=58.41%, Val Loss=0.8721, Val Acc=55.00%
2025-07-29 04:43:12,445 - INFO - Normalized Epoch 5/20
2025-07-29 04:43:12,499 - INFO - Normalized - Batch 0/563, Loss: 0.9944, Accuracy: 43.75%
2025-07-29 04:43:17,960 - INFO - Normalized - Batch 100/563, Loss: 0.7350, Accuracy: 61.76%
2025-07-29 04:43:23,426 - INFO - Normalized - Batch 200/563, Loss: 1.0332, Accuracy: 62.84%
2025-07-29 04:43:28,893 - INFO - Normalized - Batch 300/563, Loss: 0.3545, Accuracy: 62.92%
2025-07-29 04:43:34,358 - INFO - Normalized - Batch 400/563, Loss: 0.7236, Accuracy: 62.56%
2025-07-29 04:43:39,821 - INFO - Normalized - Batch 500/563, Loss: 0.8907, Accuracy: 62.90%
2025-07-29 04:43:44,258 - INFO - Normalized Epoch 5 - Loss=0.6727, Acc=62.97%, Val Loss=0.6352, Val Acc=64.90%
2025-07-29 04:43:44,258 - INFO - Normalized Epoch 6/20
2025-07-29 04:43:44,313 - INFO - Normalized - Batch 0/563, Loss: 0.6391, Accuracy: 62.50%
2025-07-29 04:43:49,774 - INFO - Normalized - Batch 100/563, Loss: 0.5919, Accuracy: 65.16%
2025-07-29 04:43:55,239 - INFO - Normalized - Batch 200/563, Loss: 0.6755, Accuracy: 64.21%
2025-07-29 04:44:00,702 - INFO - Normalized - Batch 300/563, Loss: 0.6899, Accuracy: 64.83%
2025-07-29 04:44:06,166 - INFO - Normalized - Batch 400/563, Loss: 0.6275, Accuracy: 65.01%
2025-07-29 04:44:11,629 - INFO - Normalized - Batch 500/563, Loss: 0.7422, Accuracy: 65.36%
2025-07-29 04:44:16,068 - INFO - Normalized Epoch 6 - Loss=0.6419, Acc=65.39%, Val Loss=0.9514, Val Acc=57.90%
2025-07-29 04:44:16,068 - INFO - Normalized Epoch 7/20
2025-07-29 04:44:16,123 - INFO - Normalized - Batch 0/563, Loss: 0.5024, Accuracy: 81.25%
2025-07-29 04:44:21,585 - INFO - Normalized - Batch 100/563, Loss: 0.6704, Accuracy: 66.46%
2025-07-29 04:44:27,050 - INFO - Normalized - Batch 200/563, Loss: 0.5044, Accuracy: 66.26%
2025-07-29 04:44:32,513 - INFO - Normalized - Batch 300/563, Loss: 0.4927, Accuracy: 66.74%
2025-07-29 04:44:37,978 - INFO - Normalized - Batch 400/563, Loss: 0.6426, Accuracy: 66.88%
2025-07-29 04:44:43,440 - INFO - Normalized - Batch 500/563, Loss: 0.6170, Accuracy: 67.14%
2025-07-29 04:44:47,879 - INFO - Normalized Epoch 7 - Loss=0.6081, Acc=66.96%, Val Loss=0.6351, Val Acc=64.80%
2025-07-29 04:44:47,879 - INFO - Normalized Epoch 8/20
2025-07-29 04:44:47,934 - INFO - Normalized - Batch 0/563, Loss: 0.5147, Accuracy: 75.00%
2025-07-29 04:44:53,397 - INFO - Normalized - Batch 100/563, Loss: 0.5631, Accuracy: 67.70%
2025-07-29 04:44:58,858 - INFO - Normalized - Batch 200/563, Loss: 0.7364, Accuracy: 68.87%
2025-07-29 04:45:04,324 - INFO - Normalized - Batch 300/563, Loss: 0.5742, Accuracy: 68.83%
2025-07-29 04:45:09,787 - INFO - Normalized - Batch 400/563, Loss: 0.7452, Accuracy: 68.98%
2025-07-29 04:45:15,249 - INFO - Normalized - Batch 500/563, Loss: 0.6988, Accuracy: 69.07%
2025-07-29 04:45:19,692 - INFO - Normalized Epoch 8 - Loss=0.5850, Acc=68.51%, Val Loss=0.5587, Val Acc=68.60%
2025-07-29 04:45:19,692 - INFO - Normalized Epoch 9/20
2025-07-29 04:45:19,747 - INFO - Normalized - Batch 0/563, Loss: 0.5340, Accuracy: 75.00%
2025-07-29 04:45:25,208 - INFO - Normalized - Batch 100/563, Loss: 0.5151, Accuracy: 67.76%
2025-07-29 04:45:30,673 - INFO - Normalized - Batch 200/563, Loss: 0.5196, Accuracy: 68.72%
2025-07-29 04:45:36,129 - INFO - Normalized - Batch 300/563, Loss: 0.5739, Accuracy: 69.56%
2025-07-29 04:45:41,571 - INFO - Normalized - Batch 400/563, Loss: 0.9613, Accuracy: 69.92%
2025-07-29 04:45:47,020 - INFO - Normalized - Batch 500/563, Loss: 0.4171, Accuracy: 69.66%
2025-07-29 04:45:51,450 - INFO - Normalized Epoch 9 - Loss=0.5718, Acc=69.32%, Val Loss=0.7193, Val Acc=63.10%
2025-07-29 04:45:51,450 - INFO - Normalized Epoch 10/20
2025-07-29 04:45:51,505 - INFO - Normalized - Batch 0/563, Loss: 0.6918, Accuracy: 62.50%
2025-07-29 04:45:56,959 - INFO - Normalized - Batch 100/563, Loss: 0.8643, Accuracy: 68.44%
2025-07-29 04:46:02,410 - INFO - Normalized - Batch 200/563, Loss: 0.5432, Accuracy: 68.94%
2025-07-29 04:46:07,862 - INFO - Normalized - Batch 300/563, Loss: 0.6725, Accuracy: 69.85%
2025-07-29 04:46:13,318 - INFO - Normalized - Batch 400/563, Loss: 0.5753, Accuracy: 70.56%
2025-07-29 04:46:18,776 - INFO - Normalized - Batch 500/563, Loss: 0.5495, Accuracy: 71.06%
2025-07-29 04:46:23,208 - INFO - Normalized Epoch 10 - Loss=0.5541, Acc=71.38%, Val Loss=0.7809, Val Acc=64.30%
2025-07-29 04:46:23,208 - INFO - Normalized Epoch 11/20
2025-07-29 04:46:23,263 - INFO - Normalized - Batch 0/563, Loss: 0.3570, Accuracy: 75.00%
2025-07-29 04:46:28,718 - INFO - Normalized - Batch 100/563, Loss: 0.8295, Accuracy: 73.70%
2025-07-29 04:46:34,170 - INFO - Normalized - Batch 200/563, Loss: 0.5996, Accuracy: 71.49%
2025-07-29 04:46:39,627 - INFO - Normalized - Batch 300/563, Loss: 0.6067, Accuracy: 71.35%
2025-07-29 04:46:45,081 - INFO - Normalized - Batch 400/563, Loss: 0.5242, Accuracy: 71.60%
2025-07-29 04:46:50,532 - INFO - Normalized - Batch 500/563, Loss: 0.5993, Accuracy: 71.53%
2025-07-29 04:46:54,963 - INFO - Normalized Epoch 11 - Loss=0.5467, Acc=71.57%, Val Loss=0.6625, Val Acc=68.50%
2025-07-29 04:46:54,963 - INFO - Normalized Epoch 12/20
2025-07-29 04:46:55,018 - INFO - Normalized - Batch 0/563, Loss: 0.5553, Accuracy: 87.50%
2025-07-29 04:47:00,483 - INFO - Normalized - Batch 100/563, Loss: 0.5550, Accuracy: 72.15%
2025-07-29 04:47:05,941 - INFO - Normalized - Batch 200/563, Loss: 0.5044, Accuracy: 72.20%
2025-07-29 04:47:11,402 - INFO - Normalized - Batch 300/563, Loss: 0.5878, Accuracy: 72.03%
2025-07-29 04:47:16,864 - INFO - Normalized - Batch 400/563, Loss: 0.3900, Accuracy: 71.93%
2025-07-29 04:47:22,326 - INFO - Normalized - Batch 500/563, Loss: 0.5140, Accuracy: 71.99%
2025-07-29 04:47:26,757 - INFO - Normalized Epoch 12 - Loss=0.5259, Acc=71.92%, Val Loss=0.5371, Val Acc=72.30%
2025-07-29 04:47:26,757 - INFO - Normalized Epoch 13/20
2025-07-29 04:47:26,812 - INFO - Normalized - Batch 0/563, Loss: 0.4563, Accuracy: 81.25%
2025-07-29 04:47:32,265 - INFO - Normalized - Batch 100/563, Loss: 0.5499, Accuracy: 73.14%
2025-07-29 04:47:37,721 - INFO - Normalized - Batch 200/563, Loss: 0.6589, Accuracy: 72.36%
2025-07-29 04:47:43,173 - INFO - Normalized - Batch 300/563, Loss: 0.5479, Accuracy: 72.63%
2025-07-29 04:47:48,623 - INFO - Normalized - Batch 400/563, Loss: 0.3250, Accuracy: 72.83%
2025-07-29 04:47:54,078 - INFO - Normalized - Batch 500/563, Loss: 0.8089, Accuracy: 73.07%
2025-07-29 04:47:58,512 - INFO - Normalized Epoch 13 - Loss=0.5246, Acc=72.90%, Val Loss=0.5193, Val Acc=72.40%
2025-07-29 04:47:58,512 - INFO - Normalized Epoch 14/20
2025-07-29 04:47:58,567 - INFO - Normalized - Batch 0/563, Loss: 0.4587, Accuracy: 75.00%
2025-07-29 04:48:04,024 - INFO - Normalized - Batch 100/563, Loss: 0.4715, Accuracy: 73.14%
2025-07-29 04:48:09,482 - INFO - Normalized - Batch 200/563, Loss: 0.5333, Accuracy: 73.69%
2025-07-29 04:48:14,935 - INFO - Normalized - Batch 300/563, Loss: 0.5583, Accuracy: 73.34%
2025-07-29 04:48:20,389 - INFO - Normalized - Batch 400/563, Loss: 0.4559, Accuracy: 73.75%
2025-07-29 04:48:25,844 - INFO - Normalized - Batch 500/563, Loss: 0.5546, Accuracy: 74.13%
2025-07-29 04:48:30,278 - INFO - Normalized Epoch 14 - Loss=0.5040, Acc=73.99%, Val Loss=0.5206, Val Acc=71.70%
2025-07-29 04:48:30,279 - INFO - Normalized Epoch 15/20
2025-07-29 04:48:30,334 - INFO - Normalized - Batch 0/563, Loss: 0.5914, Accuracy: 56.25%
2025-07-29 04:48:35,791 - INFO - Normalized - Batch 100/563, Loss: 0.3286, Accuracy: 74.32%
2025-07-29 04:48:41,246 - INFO - Normalized - Batch 200/563, Loss: 0.3362, Accuracy: 74.32%
2025-07-29 04:48:46,709 - INFO - Normalized - Batch 300/563, Loss: 0.5204, Accuracy: 74.58%
2025-07-29 04:48:52,166 - INFO - Normalized - Batch 400/563, Loss: 0.5325, Accuracy: 74.24%
2025-07-29 04:48:57,626 - INFO - Normalized - Batch 500/563, Loss: 0.2561, Accuracy: 74.49%
2025-07-29 04:49:02,061 - INFO - Normalized Epoch 15 - Loss=0.4945, Acc=74.56%, Val Loss=0.7304, Val Acc=64.80%
2025-07-29 04:49:02,061 - INFO - Normalized Epoch 16/20
2025-07-29 04:49:02,116 - INFO - Normalized - Batch 0/563, Loss: 0.5787, Accuracy: 68.75%
2025-07-29 04:49:07,568 - INFO - Normalized - Batch 100/563, Loss: 0.5397, Accuracy: 75.19%
2025-07-29 04:49:13,028 - INFO - Normalized - Batch 200/563, Loss: 0.6822, Accuracy: 74.19%
2025-07-29 04:49:18,484 - INFO - Normalized - Batch 300/563, Loss: 0.4155, Accuracy: 74.44%
2025-07-29 04:49:23,938 - INFO - Normalized - Batch 400/563, Loss: 0.2964, Accuracy: 74.66%
2025-07-29 04:49:29,393 - INFO - Normalized - Batch 500/563, Loss: 0.3933, Accuracy: 74.86%
2025-07-29 04:49:33,827 - INFO - Normalized Epoch 16 - Loss=0.4835, Acc=75.00%, Val Loss=0.5145, Val Acc=74.70%
2025-07-29 04:49:33,827 - INFO - Normalized Epoch 17/20
2025-07-29 04:49:33,882 - INFO - Normalized - Batch 0/563, Loss: 0.3420, Accuracy: 87.50%
2025-07-29 04:49:39,339 - INFO - Normalized - Batch 100/563, Loss: 0.3509, Accuracy: 75.99%
2025-07-29 04:49:44,798 - INFO - Normalized - Batch 200/563, Loss: 0.4975, Accuracy: 76.03%
2025-07-29 04:49:50,260 - INFO - Normalized - Batch 300/563, Loss: 0.5993, Accuracy: 75.81%
2025-07-29 04:49:55,719 - INFO - Normalized - Batch 400/563, Loss: 0.5564, Accuracy: 76.03%
2025-07-29 04:50:01,182 - INFO - Normalized - Batch 500/563, Loss: 0.9314, Accuracy: 75.94%
2025-07-29 04:50:05,619 - INFO - Normalized Epoch 17 - Loss=0.4720, Acc=75.88%, Val Loss=0.5489, Val Acc=73.50%
2025-07-29 04:50:05,620 - INFO - Normalized Epoch 18/20
2025-07-29 04:50:05,674 - INFO - Normalized - Batch 0/563, Loss: 0.5934, Accuracy: 68.75%
2025-07-29 04:50:11,133 - INFO - Normalized - Batch 100/563, Loss: 0.2950, Accuracy: 78.90%
2025-07-29 04:50:16,596 - INFO - Normalized - Batch 200/563, Loss: 0.3844, Accuracy: 77.21%
2025-07-29 04:50:22,062 - INFO - Normalized - Batch 300/563, Loss: 0.3892, Accuracy: 76.85%
2025-07-29 04:50:27,524 - INFO - Normalized - Batch 400/563, Loss: 0.3077, Accuracy: 76.90%
2025-07-29 04:50:32,984 - INFO - Normalized - Batch 500/563, Loss: 0.4398, Accuracy: 77.00%
2025-07-29 04:50:37,416 - INFO - Normalized Epoch 18 - Loss=0.4571, Acc=76.67%, Val Loss=0.5237, Val Acc=72.00%
2025-07-29 04:50:37,416 - INFO - Normalized Epoch 19/20
2025-07-29 04:50:37,471 - INFO - Normalized - Batch 0/563, Loss: 0.4146, Accuracy: 81.25%
2025-07-29 04:50:42,929 - INFO - Normalized - Batch 100/563, Loss: 0.5814, Accuracy: 77.66%
2025-07-29 04:50:48,390 - INFO - Normalized - Batch 200/563, Loss: 0.4084, Accuracy: 77.02%
2025-07-29 04:50:53,852 - INFO - Normalized - Batch 300/563, Loss: 0.4121, Accuracy: 77.08%
2025-07-29 04:50:59,313 - INFO - Normalized - Batch 400/563, Loss: 0.4888, Accuracy: 77.40%
2025-07-29 04:51:04,773 - INFO - Normalized - Batch 500/563, Loss: 0.4297, Accuracy: 77.12%
2025-07-29 04:51:09,203 - INFO - Normalized Epoch 19 - Loss=0.4435, Acc=77.27%, Val Loss=0.4793, Val Acc=76.60%
2025-07-29 04:51:09,203 - INFO - Normalized Epoch 20/20
2025-07-29 04:51:09,257 - INFO - Normalized - Batch 0/563, Loss: 0.3261, Accuracy: 87.50%
2025-07-29 04:51:14,715 - INFO - Normalized - Batch 100/563, Loss: 0.4240, Accuracy: 78.16%
2025-07-29 04:51:20,173 - INFO - Normalized - Batch 200/563, Loss: 0.4671, Accuracy: 77.80%
2025-07-29 04:51:25,637 - INFO - Normalized - Batch 300/563, Loss: 0.3284, Accuracy: 77.51%
2025-07-29 04:51:31,112 - INFO - Normalized - Batch 400/563, Loss: 0.3236, Accuracy: 77.68%
2025-07-29 04:51:36,570 - INFO - Normalized - Batch 500/563, Loss: 0.4519, Accuracy: 77.57%
2025-07-29 04:51:41,008 - INFO - Normalized Epoch 20 - Loss=0.4381, Acc=77.66%, Val Loss=0.4708, Val Acc=77.10%
2025-07-29 04:51:41,008 - INFO - Generating analysis plots...
2025-07-29 04:51:45,575 - INFO - Training comparison completed!
2025-07-29 04:51:45,576 - INFO - Final Baseline Accuracy: 76.96%
2025-07-29 04:51:45,576 - INFO - Final Normalized Accuracy: 77.66%
2025-07-29 04:51:45,576 - INFO - Accuracy Improvement: 0.70%
